2019-07-16 09:06:25,560 INFO (StartupInfoLogger.java:50)- Starting CompanyApplication on LAPTOP-S6D27TEO with PID 6368 (C:\Users\123\Desktop\company\target\classes started by 123 in C:\Users\123\Desktop\company)
2019-07-16 09:06:25,569 DEBUG (StartupInfoLogger.java:53)- Running with Spring Boot v2.1.6.RELEASE, Spring v5.1.8.RELEASE
2019-07-16 09:06:25,571 INFO (SpringApplication.java:646)- No active profile set, falling back to default profiles: default
2019-07-16 09:06:32,350 INFO (StartupInfoLogger.java:59)- Started CompanyApplication in 9.114 seconds (JVM running for 15.058)
2019-07-16 14:22:08,231 INFO (StartupInfoLogger.java:50)- Starting NewsMapperTest on LAPTOP-S6D27TEO with PID 17548 (started by 123 in C:\Users\123\Desktop\company)
2019-07-16 14:22:08,241 DEBUG (StartupInfoLogger.java:53)- Running with Spring Boot v2.1.6.RELEASE, Spring v5.1.8.RELEASE
2019-07-16 14:22:08,251 INFO (SpringApplication.java:646)- No active profile set, falling back to default profiles: default
2019-07-16 14:22:19,190 INFO (StartupInfoLogger.java:59)- Started NewsMapperTest in 13.307 seconds (JVM running for 17.982)
2019-07-16 14:22:20,919 DEBUG (BaseJdbcLogger.java:143)- ==>  Preparing: SELECT * FROM news 
2019-07-16 14:22:21,035 DEBUG (BaseJdbcLogger.java:143)- ==> Parameters: 
2019-07-16 14:22:21,191 DEBUG (BaseJdbcLogger.java:143)- <==      Total: 11
2019-07-16 14:29:55,288 INFO (StartupInfoLogger.java:50)- Starting NewsMapperTest on LAPTOP-S6D27TEO with PID 9016 (started by 123 in C:\Users\123\Desktop\company)
2019-07-16 14:29:55,294 DEBUG (StartupInfoLogger.java:53)- Running with Spring Boot v2.1.6.RELEASE, Spring v5.1.8.RELEASE
2019-07-16 14:29:55,314 INFO (SpringApplication.java:646)- No active profile set, falling back to default profiles: default
2019-07-16 14:30:06,107 INFO (StartupInfoLogger.java:59)- Started NewsMapperTest in 13.068 seconds (JVM running for 17.748)
2019-07-16 14:30:07,749 DEBUG (BaseJdbcLogger.java:143)- ==>  Preparing: SELECT * FROM news 
2019-07-16 14:30:07,837 DEBUG (BaseJdbcLogger.java:143)- ==> Parameters: 
2019-07-16 14:30:07,968 DEBUG (BaseJdbcLogger.java:143)- <==      Total: 11
2019-07-16 14:31:03,925 INFO (StartupInfoLogger.java:50)- Starting NewsMapperTest on LAPTOP-S6D27TEO with PID 14724 (started by 123 in C:\Users\123\Desktop\company)
2019-07-16 14:31:03,929 DEBUG (StartupInfoLogger.java:53)- Running with Spring Boot v2.1.6.RELEASE, Spring v5.1.8.RELEASE
2019-07-16 14:31:03,931 INFO (SpringApplication.java:646)- No active profile set, falling back to default profiles: default
2019-07-16 14:31:14,596 INFO (StartupInfoLogger.java:59)- Started NewsMapperTest in 13.028 seconds (JVM running for 17.485)
2019-07-16 14:31:16,630 DEBUG (BaseJdbcLogger.java:143)- ==>  Preparing: SELECT * FROM news 
2019-07-16 14:31:16,727 DEBUG (BaseJdbcLogger.java:143)- ==> Parameters: 
2019-07-16 14:31:16,854 DEBUG (BaseJdbcLogger.java:143)- <==      Total: 11
2019-07-16 14:32:43,545 INFO (StartupInfoLogger.java:50)- Starting NewsMapperTest on LAPTOP-S6D27TEO with PID 9796 (started by 123 in C:\Users\123\Desktop\company)
2019-07-16 14:32:43,548 DEBUG (StartupInfoLogger.java:53)- Running with Spring Boot v2.1.6.RELEASE, Spring v5.1.8.RELEASE
2019-07-16 14:32:43,550 INFO (SpringApplication.java:646)- No active profile set, falling back to default profiles: default
2019-07-16 14:32:54,298 INFO (StartupInfoLogger.java:59)- Started NewsMapperTest in 13.32 seconds (JVM running for 17.839)
2019-07-16 14:32:56,343 DEBUG (BaseJdbcLogger.java:143)- ==>  Preparing: SELECT * FROM news 
2019-07-16 14:32:56,442 DEBUG (BaseJdbcLogger.java:143)- ==> Parameters: 
2019-07-16 14:32:56,621 DEBUG (BaseJdbcLogger.java:143)- <==      Total: 11
2019-07-16 16:57:57,677 INFO (StartupInfoLogger.java:50)- Starting NewsMapperTest on LAPTOP-S6D27TEO with PID 3764 (started by 123 in C:\Users\123\Desktop\company)
2019-07-16 16:57:57,677 DEBUG (StartupInfoLogger.java:53)- Running with Spring Boot v2.1.6.RELEASE, Spring v5.1.8.RELEASE
2019-07-16 16:57:57,677 INFO (SpringApplication.java:646)- No active profile set, falling back to default profiles: default
2019-07-16 16:58:06,552 INFO (StartupInfoLogger.java:59)- Started NewsMapperTest in 10.525 seconds (JVM running for 13.923)
2019-07-16 16:58:07,788 DEBUG (BaseJdbcLogger.java:143)- ==>  Preparing: SELECT * FROM news 
2019-07-16 16:58:07,883 DEBUG (BaseJdbcLogger.java:143)- ==> Parameters: 
2019-07-16 16:58:07,993 DEBUG (BaseJdbcLogger.java:143)- <==      Total: 11
2019-07-16 17:11:52,162 INFO (StartupInfoLogger.java:50)- Starting NewsMapperTest on LAPTOP-S6D27TEO with PID 22824 (started by 123 in C:\Users\123\Desktop\company)
2019-07-16 17:11:52,167 DEBUG (StartupInfoLogger.java:53)- Running with Spring Boot v2.1.6.RELEASE, Spring v5.1.8.RELEASE
2019-07-16 17:11:52,169 INFO (SpringApplication.java:646)- No active profile set, falling back to default profiles: default
2019-07-16 17:12:04,597 INFO (StartupInfoLogger.java:59)- Started NewsMapperTest in 15.352 seconds (JVM running for 21.592)
2019-07-16 17:12:06,283 DEBUG (BaseJdbcLogger.java:143)- ==>  Preparing: INSERT INTO news VALUES(NULL,?,? ,?) 
2019-07-16 17:12:06,396 DEBUG (BaseJdbcLogger.java:143)- ==> Parameters: 使用idea+mybatis添加新闻(String), 新闻很好看(String), 2019-07-16 17:12:05.504(Timestamp)
2019-07-16 17:12:06,405 DEBUG (BaseJdbcLogger.java:143)- <==    Updates: 1
2019-07-16 17:17:49,659 INFO (StartupInfoLogger.java:50)- Starting NewsMapperTest on LAPTOP-S6D27TEO with PID 17632 (started by 123 in C:\Users\123\Desktop\company)
2019-07-16 17:17:49,665 DEBUG (StartupInfoLogger.java:53)- Running with Spring Boot v2.1.6.RELEASE, Spring v5.1.8.RELEASE
2019-07-16 17:17:49,668 INFO (SpringApplication.java:646)- No active profile set, falling back to default profiles: default
2019-07-16 17:18:02,159 INFO (StartupInfoLogger.java:59)- Started NewsMapperTest in 14.394 seconds (JVM running for 21.155)
2019-07-16 17:18:03,855 DEBUG (BaseJdbcLogger.java:143)- ==>  Preparing: DELETE FROM news WHERE newsId = ? 
2019-07-16 17:18:03,955 DEBUG (BaseJdbcLogger.java:143)- ==> Parameters: 13(Integer)
2019-07-16 17:18:03,966 DEBUG (BaseJdbcLogger.java:143)- <==    Updates: 1
2019-07-16 17:23:49,689 INFO (StartupInfoLogger.java:50)- Starting NewsMapperTest on LAPTOP-S6D27TEO with PID 22044 (started by 123 in C:\Users\123\Desktop\company)
2019-07-16 17:23:49,692 DEBUG (StartupInfoLogger.java:53)- Running with Spring Boot v2.1.6.RELEASE, Spring v5.1.8.RELEASE
2019-07-16 17:23:49,695 INFO (SpringApplication.java:646)- No active profile set, falling back to default profiles: default
2019-07-16 17:24:02,747 INFO (StartupInfoLogger.java:59)- Started NewsMapperTest in 15.033 seconds (JVM running for 20.951)
2019-07-16 17:24:04,803 DEBUG (BaseJdbcLogger.java:143)- ==>  Preparing: UPDATE news SET title=? ,content=? ,writeDate=? WHERE newsId = ? 
2019-07-16 17:24:04,952 DEBUG (BaseJdbcLogger.java:143)- ==> Parameters: 使用idea+mybatis添加新闻(String), 新闻很好看(String), 2019-07-16 17:24:03.721(Timestamp), 11(Integer)
2019-07-16 17:24:04,960 DEBUG (BaseJdbcLogger.java:143)- <==    Updates: 1
